[2018-11-01T17:28:56.527] [TRACE] cheese - 主进程 30312 正在运行
[2018-11-01T17:28:57.405] [TRACE] cheese - 工作进程 29652 已启动
[2018-11-01T17:28:57.408] [TRACE] cheese - 工作进程 13688 已启动
[2018-11-01T17:28:57.442] [TRACE] cheese - server is running at 3001
[2018-11-01T17:28:57.468] [TRACE] cheese - server is running at 3001
[2018-11-01T17:28:57.572] [TRACE] cheese - 工作进程 2300 已启动
[2018-11-01T17:28:57.594] [TRACE] cheese - server is running at 3001
[2018-11-01T17:28:57.814] [TRACE] cheese - 工作进程 15496 已启动
[2018-11-01T17:28:57.832] [TRACE] cheese - server is running at 3001
[2018-11-01T17:29:07.340] [INFO] cheese - socketId:XJPCAbKFtGGyx2WsAAAA已经链接
[2018-11-01T17:29:07.370] [INFO] cheese - lronelove register XJPCAbKFtGGyx2WsAAAA
[2018-11-01T17:29:14.260] [INFO] cheese - socketId:kbJR7gSZOqJ0q0nrAAAA已经链接
[2018-11-01T17:29:14.290] [INFO] cheese - jack register kbJR7gSZOqJ0q0nrAAAA
[2018-11-01T17:29:15.799] [INFO] cheese - socketId:oIbKD8Fg1zGZ8XyXAAAA已经链接
[2018-11-01T17:29:36.349] [INFO] cheese - socketId:7YtCRQ1FLRd1k_vMAAAA已经链接
[2018-11-01T17:29:41.500] [INFO] cheese - socketId:6KD6NI2uDuJAgHpNAAAB已经链接
[2018-11-01T17:30:07.524] [INFO] cheese - socketId:ax4IqA5Ar7pcJJlSAAAB已经链接
[2018-11-01T17:36:42.975] [TRACE] cheese - 主进程 7336 正在运行
[2018-11-01T17:36:43.981] [TRACE] cheese - 工作进程 15384 已启动
[2018-11-01T17:36:44.025] [TRACE] cheese - server is running at 3001
[2018-11-01T17:36:44.048] [TRACE] cheese - 工作进程 28856 已启动
[2018-11-01T17:36:44.091] [TRACE] cheese - server is running at 3001
[2018-11-01T17:36:44.116] [TRACE] cheese - 工作进程 14704 已启动
[2018-11-01T17:36:44.138] [TRACE] cheese - server is running at 3001
[2018-11-01T17:36:44.240] [TRACE] cheese - 工作进程 11468 已启动
[2018-11-01T17:36:44.263] [TRACE] cheese - server is running at 3001
[2018-11-01T17:36:44.295] [INFO] cheese - socketId:Vf-rcFJa2ODpgh38AAAA已经链接
[2018-11-01T17:36:48.346] [INFO] cheese - socketId:rfqvjnDtxRXGUybCAAAB已经链接
[2018-11-01T17:39:28.262] [TRACE] cheese - 主进程 9968 正在运行
[2018-11-01T17:39:29.126] [TRACE] cheese - 工作进程 10908 已启动
[2018-11-01T17:39:29.159] [TRACE] cheese - server is running at 3001
[2018-11-01T17:39:29.275] [TRACE] cheese - 工作进程 16400 已启动
[2018-11-01T17:39:29.304] [TRACE] cheese - server is running at 3001
[2018-11-01T17:39:29.332] [TRACE] cheese - 工作进程 19844 已启动
[2018-11-01T17:39:29.352] [TRACE] cheese - server is running at 3001
[2018-11-01T17:39:29.376] [TRACE] cheese - 工作进程 8036 已启动
[2018-11-01T17:39:29.395] [TRACE] cheese - server is running at 3001
[2018-11-01T17:39:29.423] [INFO] cheese - socketId:wdmQ9IGE_aQC2BJEAAAA已经链接
[2018-11-01T17:39:29.427] [INFO] cheese - socketId:eXGL7_NMNP-aZUChAAAB已经链接
[2018-11-01T17:40:41.207] [TRACE] cheese - 主进程 22352 正在运行
[2018-11-01T17:40:42.093] [TRACE] cheese - 工作进程 9588 已启动
[2018-11-01T17:40:42.133] [TRACE] cheese - server is running at 3001
[2018-11-01T17:40:42.167] [TRACE] cheese - 工作进程 6980 已启动
[2018-11-01T17:40:42.183] [TRACE] cheese - server is running at 3001
[2018-11-01T17:40:42.260] [TRACE] cheese - 工作进程 12984 已启动
[2018-11-01T17:40:42.278] [TRACE] cheese - server is running at 3001
[2018-11-01T17:40:42.362] [INFO] cheese - socketId:e51lOICir2K7uaXuAAAA已经链接
[2018-11-01T17:40:42.365] [TRACE] cheese - 工作进程 18896 已启动
[2018-11-01T17:40:42.391] [TRACE] cheese - server is running at 3001
[2018-11-01T17:40:42.421] [INFO] cheese - socketId:ZqLSFtV69Rq7C4jpAAAA已经链接
[2018-11-01T17:42:34.628] [TRACE] cheese - 主进程 13404 正在运行
[2018-11-01T17:42:35.437] [TRACE] cheese - 工作进程 26812 已启动
[2018-11-01T17:42:35.476] [TRACE] cheese - server is running at 3001
[2018-11-01T17:42:35.534] [TRACE] cheese - 工作进程 17336 已启动
[2018-11-01T17:42:35.560] [TRACE] cheese - server is running at 3001
[2018-11-01T17:42:35.599] [TRACE] cheese - 工作进程 25092 已启动
[2018-11-01T17:42:35.621] [TRACE] cheese - server is running at 3001
[2018-11-01T17:42:35.696] [INFO] cheese - socketId:uVqV8RId43RKC6HbAAAA已经链接
[2018-11-01T17:42:35.699] [INFO] cheese - socketId:unjx9o8E34dwFrxWAAAB已经链接
[2018-11-01T17:42:35.761] [TRACE] cheese - 工作进程 20092 已启动
[2018-11-01T17:42:35.781] [TRACE] cheese - server is running at 3001
[2018-11-01T17:43:46.585] [TRACE] cheese - 主进程 17468 正在运行
[2018-11-01T17:43:47.458] [TRACE] cheese - 工作进程 27632 已启动
[2018-11-01T17:43:47.474] [TRACE] cheese - server is running at 3001
[2018-11-01T17:43:47.500] [TRACE] cheese - 工作进程 23176 已启动
[2018-11-01T17:43:47.544] [TRACE] cheese - server is running at 3001
[2018-11-01T17:43:47.658] [TRACE] cheese - 工作进程 12740 已启动
[2018-11-01T17:43:47.688] [TRACE] cheese - server is running at 3001
[2018-11-01T17:43:47.719] [INFO] cheese - socketId:UnRpHwMqbDZMxoATAAAA已经链接
[2018-11-01T17:43:47.732] [TRACE] cheese - 工作进程 24288 已启动
[2018-11-01T17:43:47.749] [TRACE] cheese - server is running at 3001
[2018-11-01T17:43:47.775] [INFO] cheese - socketId:tfY3ndQOadA3pyRfAAAA已经链接
[2018-11-01T17:46:18.845] [TRACE] cheese - 主进程 25216 正在运行
[2018-11-01T17:46:19.749] [TRACE] cheese - 工作进程 20548 已启动
[2018-11-01T17:46:19.777] [TRACE] cheese - 工作进程 14524 已启动
[2018-11-01T17:46:19.778] [TRACE] cheese - server is running at 3001
[2018-11-01T17:46:19.823] [TRACE] cheese - server is running at 3001
[2018-11-01T17:46:19.878] [TRACE] cheese - 工作进程 2708 已启动
[2018-11-01T17:46:19.906] [TRACE] cheese - server is running at 3001
[2018-11-01T17:46:20.001] [TRACE] cheese - 工作进程 8740 已启动
[2018-11-01T17:46:20.017] [TRACE] cheese - server is running at 3001
[2018-11-01T17:46:20.355] [INFO] cheese - socketId:PA0tmzHZy0wWynT8AAAA已经链接
[2018-11-01T17:46:21.353] [INFO] cheese - socketId:mMkoPg0MG-ecavSnAAAB已经链接
[2018-11-01T17:52:12.575] [TRACE] cheese - 主进程 23264 正在运行
[2018-11-01T17:52:13.360] [TRACE] cheese - 工作进程 30232 已启动
[2018-11-01T17:52:13.392] [TRACE] cheese - server is running at 3001
[2018-11-01T17:52:13.526] [TRACE] cheese - 工作进程 2724 已启动
[2018-11-01T17:52:13.552] [TRACE] cheese - server is running at 3001
[2018-11-01T17:52:13.573] [TRACE] cheese - 工作进程 18768 已启动
[2018-11-01T17:52:13.599] [TRACE] cheese - server is running at 3001
[2018-11-01T17:52:13.697] [TRACE] cheese - 工作进程 7176 已启动
[2018-11-01T17:52:13.716] [TRACE] cheese - server is running at 3001
[2018-11-01T17:52:13.755] [INFO] cheese - socketId:MJ369XlkYkqCb_wrAAAA已经链接
[2018-11-01T17:52:19.346] [INFO] cheese - socketId:9TqeeZZQXT_GaFGxAAAB已经链接
[2018-11-01T17:53:29.977] [TRACE] cheese - 主进程 15252 正在运行
[2018-11-01T17:53:30.926] [TRACE] cheese - 工作进程 23120 已启动
[2018-11-01T17:53:30.935] [TRACE] cheese - 工作进程 25576 已启动
[2018-11-01T17:53:30.976] [TRACE] cheese - server is running at 3001
[2018-11-01T17:53:30.982] [TRACE] cheese - server is running at 3001
[2018-11-01T17:53:31.060] [TRACE] cheese - 工作进程 1504 已启动
[2018-11-01T17:53:31.087] [TRACE] cheese - server is running at 3001
[2018-11-01T17:53:31.092] [TRACE] cheese - 工作进程 17632 已启动
[2018-11-01T17:53:31.112] [TRACE] cheese - server is running at 3001
[2018-11-01T17:53:31.355] [INFO] cheese - socketId:80ZqyFE4rhps79mnAAAA已经链接
[2018-11-01T17:53:32.346] [INFO] cheese - socketId:HhGBEFP1rMGuQZtPAAAB已经链接
[2018-11-01T17:54:18.082] [TRACE] cheese - 主进程 20660 正在运行
[2018-11-01T17:54:19.226] [TRACE] cheese - 工作进程 11804 已启动
[2018-11-01T17:54:19.226] [TRACE] cheese - 工作进程 28144 已启动
[2018-11-01T17:54:19.248] [TRACE] cheese - server is running at 3001
[2018-11-01T17:54:19.271] [TRACE] cheese - server is running at 3001
[2018-11-01T17:54:19.342] [TRACE] cheese - 工作进程 25368 已启动
[2018-11-01T17:54:19.366] [TRACE] cheese - 工作进程 8688 已启动
[2018-11-01T17:54:19.366] [TRACE] cheese - server is running at 3001
[2018-11-01T17:54:19.406] [TRACE] cheese - server is running at 3001
[2018-11-01T17:54:19.508] [INFO] cheese - socketId:IaZAflz1yGabXuWTAAAA已经链接
[2018-11-01T17:54:19.513] [INFO] cheese - socketId:dK0lgPzKQUjwRS1SAAAB已经链接
