[2018-11-01T18:11:27.340] [TRACE] cheese - 主进程 8928 正在运行
[2018-11-01T18:11:28.167] [TRACE] cheese - 工作进程 19760 已启动
[2018-11-01T18:11:28.212] [TRACE] cheese - server is running at 3001
[2018-11-01T18:11:28.258] [TRACE] cheese - 工作进程 15408 已启动
[2018-11-01T18:11:28.269] [TRACE] cheese - 工作进程 11132 已启动
[2018-11-01T18:11:28.279] [TRACE] cheese - server is running at 3001
[2018-11-01T18:11:28.303] [TRACE] cheese - server is running at 3001
[2018-11-01T18:11:28.519] [TRACE] cheese - 工作进程 25096 已启动
[2018-11-01T18:11:28.537] [TRACE] cheese - server is running at 3001
[2018-11-01T18:11:29.356] [INFO] cheese - socketId:eFzeNLzow8nhyaPtAAAA已经链接
[2018-11-01T18:11:32.346] [INFO] cheese - socketId:_FlBiJ7Zh9d6OAFbAAAB已经链接
[2018-11-01T18:13:14.837] [TRACE] cheese - 主进程 27992 正在运行
[2018-11-01T18:13:15.919] [TRACE] cheese - 工作进程 30676 已启动
[2018-11-01T18:13:15.928] [TRACE] cheese - 工作进程 5820 已启动
[2018-11-01T18:13:15.944] [TRACE] cheese - server is running at 3001
[2018-11-01T18:13:15.946] [TRACE] cheese - 工作进程 9924 已启动
[2018-11-01T18:13:15.963] [TRACE] cheese - server is running at 3001
[2018-11-01T18:13:15.985] [TRACE] cheese - server is running at 3001
[2018-11-01T18:13:16.044] [TRACE] cheese - 工作进程 16828 已启动
[2018-11-01T18:13:16.062] [TRACE] cheese - server is running at 3001
[2018-11-01T18:13:16.354] [INFO] cheese - socketId:zghcK8WMV-jz6K85AAAA已经链接
[2018-11-01T18:13:16.357] [INFO] cheese - socketId:TrXWKz1WSSJ9K9vnAAAB已经链接
[2018-11-01T18:13:45.351] [INFO] cheese - socketId:KMaXUB8FTUPFUXACAAAA已经链接
[2018-11-01T18:14:14.350] [INFO] cheese - socketId:pHUG5v0oqg3GNEEeAAAC已经链接
[2018-11-01T18:15:03.886] [TRACE] cheese - 主进程 7716 正在运行
[2018-11-01T18:15:04.736] [TRACE] cheese - 工作进程 15196 已启动
[2018-11-01T18:15:04.796] [TRACE] cheese - server is running at 3001
[2018-11-01T18:15:04.864] [TRACE] cheese - 工作进程 21340 已启动
[2018-11-01T18:15:04.891] [TRACE] cheese - server is running at 3001
[2018-11-01T18:15:04.946] [TRACE] cheese - 工作进程 5712 已启动
[2018-11-01T18:15:04.964] [TRACE] cheese - server is running at 3001
[2018-11-01T18:15:05.086] [TRACE] cheese - 工作进程 25524 已启动
[2018-11-01T18:15:05.104] [TRACE] cheese - server is running at 3001
[2018-11-01T18:15:06.368] [INFO] cheese - socketId:kINoGnEhE68OWcPOAAAA已经链接
[2018-11-01T18:15:06.370] [INFO] cheese - socketId:FcsDLjwTaco4LyE9AAAB已经链接
[2018-11-01T18:15:22.092] [INFO] cheese - socketId:7nLj1ycHb3Wa5Vv1AAAC已经链接
[2018-11-01T18:15:22.152] [INFO] cheese - lronelove register 7nLj1ycHb3Wa5Vv1AAAC
[2018-11-01T18:15:24.303] [INFO] cheese - socketId:CPAneHNYzQ_J7hrqAAAD已经链接
[2018-11-01T18:15:24.342] [INFO] cheese - jack register CPAneHNYzQ_J7hrqAAAD
[2018-11-01T18:15:50.538] [INFO] cheese - socketId:m_GaDsrFASmZXPuXAAAA已经链接
[2018-11-01T18:16:42.351] [INFO] cheese - socketId:3ZGoZ4nY_mZP_uw5AAAB已经链接
[2018-11-01T18:16:42.425] [INFO] cheese - jack register 3ZGoZ4nY_mZP_uw5AAAB
[2018-11-01T18:16:43.790] [INFO] cheese - socketId:9Cw4zASaKydpaIgSAAAC已经链接
[2018-11-01T18:17:26.683] [INFO] cheese - receive some message from message center
[2018-11-01T18:19:10.310] [TRACE] cheese - 主进程 28500 正在运行
[2018-11-01T18:19:11.230] [TRACE] cheese - 工作进程 10568 已启动
[2018-11-01T18:19:11.258] [TRACE] cheese - server is running at 3001
[2018-11-01T18:19:11.270] [TRACE] cheese - 工作进程 16152 已启动
[2018-11-01T18:19:11.272] [TRACE] cheese - 工作进程 27680 已启动
[2018-11-01T18:19:11.293] [TRACE] cheese - server is running at 3001
[2018-11-01T18:19:11.314] [TRACE] cheese - server is running at 3001
[2018-11-01T18:19:11.471] [TRACE] cheese - 工作进程 29196 已启动
[2018-11-01T18:19:11.493] [TRACE] cheese - server is running at 3001
[2018-11-01T18:19:12.355] [INFO] cheese - socketId:-qi_1neKPZW3wfAEAAAA已经链接
[2018-11-01T18:19:12.358] [INFO] cheese - socketId:vGN4slQz9MyOOvLzAAAB已经链接
[2018-11-01T18:19:21.821] [INFO] cheese - socketId:J3XbMlVX7P9o2OzpAAAC已经链接
[2018-11-01T18:19:21.894] [INFO] cheese - lronelove register J3XbMlVX7P9o2OzpAAAC
[2018-11-01T18:19:23.912] [INFO] cheese - socketId:EDnssL6cCBl3T8WiAAAD已经链接
[2018-11-01T18:19:23.997] [INFO] cheese - jack register EDnssL6cCBl3T8WiAAAD
[2018-11-01T18:19:25.429] [INFO] cheese - private message to:jack
[2018-11-01T18:19:28.640] [INFO] cheese - private message to:jack
[2018-11-01T18:19:30.590] [INFO] cheese - private message to:lronelove
[2018-11-01T18:20:39.685] [TRACE] cheese - 主进程 28688 正在运行
[2018-11-01T18:20:40.547] [TRACE] cheese - 工作进程 6708 已启动
[2018-11-01T18:20:40.583] [TRACE] cheese - server is running at 3001
[2018-11-01T18:20:40.629] [TRACE] cheese - 工作进程 20936 已启动
[2018-11-01T18:20:40.681] [TRACE] cheese - server is running at 3001
[2018-11-01T18:20:40.749] [TRACE] cheese - 工作进程 17900 已启动
[2018-11-01T18:20:40.760] [TRACE] cheese - 工作进程 7356 已启动
[2018-11-01T18:20:40.768] [TRACE] cheese - server is running at 3001
[2018-11-01T18:20:40.801] [TRACE] cheese - server is running at 3001
[2018-11-01T18:20:41.355] [INFO] cheese - socketId:TYfIHR2mEJVUWXnoAAAA已经链接
[2018-11-01T18:20:41.372] [INFO] cheese - socketId:Ei8hk2INFgfznTsaAAAB已经链接
[2018-11-01T18:21:14.881] [TRACE] cheese - 主进程 25752 正在运行
[2018-11-01T18:21:15.784] [TRACE] cheese - 工作进程 25604 已启动
[2018-11-01T18:21:15.819] [TRACE] cheese - server is running at 3001
[2018-11-01T18:21:15.911] [TRACE] cheese - 工作进程 28588 已启动
[2018-11-01T18:21:15.939] [TRACE] cheese - server is running at 3001
[2018-11-01T18:21:16.013] [TRACE] cheese - 工作进程 11988 已启动
[2018-11-01T18:21:16.033] [TRACE] cheese - server is running at 3001
[2018-11-01T18:21:16.049] [TRACE] cheese - 工作进程 14560 已启动
[2018-11-01T18:21:16.067] [TRACE] cheese - server is running at 3001
[2018-11-01T18:21:16.097] [INFO] cheese - socketId:8u1gasDZPBWH23ooAAAA已经链接
[2018-11-01T18:21:16.355] [INFO] cheese - socketId:kb554b_I_MxWRVeqAAAB已经链接
[2018-11-01T18:21:28.458] [INFO] cheese - socketId:1-K5WjoWF2G7QOSwAAAC已经链接
[2018-11-01T18:21:28.528] [INFO] cheese - jack register 1-K5WjoWF2G7QOSwAAAC
[2018-11-01T18:21:30.557] [INFO] cheese - socketId:uR44elAbzVHxfV0kAAAD已经链接
[2018-11-01T18:21:30.619] [INFO] cheese - lronelove register uR44elAbzVHxfV0kAAAD
[2018-11-01T18:21:31.878] [INFO] cheese - private message to:lronelove
[2018-11-01T18:22:21.447] [TRACE] cheese - 主进程 21464 正在运行
[2018-11-01T18:22:22.294] [TRACE] cheese - 工作进程 29880 已启动
[2018-11-01T18:22:22.332] [TRACE] cheese - server is running at 3001
[2018-11-01T18:22:22.365] [TRACE] cheese - 工作进程 11168 已启动
[2018-11-01T18:22:22.397] [TRACE] cheese - server is running at 3001
[2018-11-01T18:22:22.445] [TRACE] cheese - 工作进程 21148 已启动
[2018-11-01T18:22:22.466] [TRACE] cheese - server is running at 3001
[2018-11-01T18:22:22.533] [INFO] cheese - socketId:zAZUfcV1l8NQywYWAAAA已经链接
[2018-11-01T18:22:22.631] [TRACE] cheese - 工作进程 21128 已启动
[2018-11-01T18:22:22.653] [TRACE] cheese - server is running at 3001
[2018-11-01T18:22:23.350] [INFO] cheese - socketId:-D_u_RB_J6EzoGy-AAAB已经链接
[2018-11-01T18:22:51.351] [INFO] cheese - socketId:erR4rYRzxyxesin4AAAA已经链接
[2018-11-01T18:23:01.919] [TRACE] cheese - 主进程 9396 正在运行
[2018-11-01T18:23:02.779] [TRACE] cheese - 工作进程 21872 已启动
[2018-11-01T18:23:02.799] [TRACE] cheese - 工作进程 1128 已启动
[2018-11-01T18:23:02.842] [TRACE] cheese - server is running at 3001
[2018-11-01T18:23:02.854] [TRACE] cheese - server is running at 3001
[2018-11-01T18:23:02.946] [TRACE] cheese - 工作进程 9192 已启动
[2018-11-01T18:23:02.965] [TRACE] cheese - server is running at 3001
[2018-11-01T18:23:03.101] [TRACE] cheese - 工作进程 15256 已启动
[2018-11-01T18:23:03.120] [TRACE] cheese - server is running at 3001
[2018-11-01T18:23:03.932] [INFO] cheese - socketId:zPe04pMBOMWpayixAAAA已经链接
[2018-11-01T18:23:04.349] [INFO] cheese - socketId:3OhCpPDZbwp9JY19AAAB已经链接
[2018-11-01T18:23:49.898] [INFO] cheese - socketId:mjJZfJcb_dCivyN0AAAC已经链接
[2018-11-01T18:23:49.969] [INFO] cheese - lronelove register mjJZfJcb_dCivyN0AAAC
[2018-11-01T18:23:51.882] [INFO] cheese - socketId:h61u-IIqHdaAMN9FAAAD已经链接
[2018-11-01T18:23:51.945] [INFO] cheese - jack register h61u-IIqHdaAMN9FAAAD
[2018-11-01T18:23:55.103] [INFO] cheese - receive some message from message center
[2018-11-01T18:24:06.895] [TRACE] cheese - 主进程 25212 正在运行
[2018-11-01T18:24:07.842] [TRACE] cheese - 工作进程 29440 已启动
[2018-11-01T18:24:07.842] [TRACE] cheese - 工作进程 28684 已启动
[2018-11-01T18:24:07.874] [TRACE] cheese - server is running at 3001
[2018-11-01T18:24:07.875] [TRACE] cheese - server is running at 3001
[2018-11-01T18:24:07.912] [TRACE] cheese - 工作进程 3472 已启动
[2018-11-01T18:24:07.941] [TRACE] cheese - server is running at 3001
[2018-11-01T18:24:07.999] [INFO] cheese - socketId:ILkmTQyM1TNjdCkIAAAA已经链接
[2018-11-01T18:24:08.085] [TRACE] cheese - 工作进程 20252 已启动
[2018-11-01T18:24:08.104] [TRACE] cheese - server is running at 3001
[2018-11-01T18:24:09.345] [INFO] cheese - socketId:R2Kbv98HvblqrNJ6AAAB已经链接
[2018-11-01T18:24:37.351] [INFO] cheese - socketId:_zFQ7QJecIGKiAE2AAAA已经链接
[2018-11-01T18:25:20.026] [TRACE] cheese - 主进程 3148 正在运行
[2018-11-01T18:25:20.909] [TRACE] cheese - 工作进程 17120 已启动
[2018-11-01T18:25:20.954] [TRACE] cheese - server is running at 3001
[2018-11-01T18:25:21.085] [TRACE] cheese - 工作进程 13864 已启动
[2018-11-01T18:25:21.113] [TRACE] cheese - server is running at 3001
[2018-11-01T18:25:21.161] [TRACE] cheese - 工作进程 12108 已启动
[2018-11-01T18:25:21.184] [TRACE] cheese - server is running at 3001
[2018-11-01T18:25:21.328] [TRACE] cheese - 工作进程 24572 已启动
[2018-11-01T18:25:21.350] [TRACE] cheese - server is running at 3001
[2018-11-01T18:25:23.358] [INFO] cheese - socketId:ySsob97KLsGPZxfEAAAA已经链接
[2018-11-01T18:25:23.361] [INFO] cheese - socketId:N6GvGMGWAJhxBoOoAAAB已经链接
[2018-11-01T18:25:36.849] [INFO] cheese - socketId:EDQo2kChT72_IL4CAAAC已经链接
[2018-11-01T18:25:36.919] [INFO] cheese - jack register EDQo2kChT72_IL4CAAAC
[2018-11-01T18:25:39.010] [INFO] cheese - socketId:sdau_u6TRUQFS16EAAAD已经链接
[2018-11-01T18:25:39.075] [INFO] cheese - lronelove register sdau_u6TRUQFS16EAAAD
[2018-11-01T18:25:43.583] [INFO] cheese - receive some message from message center
[2018-11-01T18:28:58.877] [TRACE] cheese - 主进程 30548 正在运行
[2018-11-01T18:28:59.709] [TRACE] cheese - 工作进程 25780 已启动
[2018-11-01T18:28:59.758] [TRACE] cheese - server is running at 3001
[2018-11-01T18:28:59.801] [TRACE] cheese - 工作进程 15844 已启动
[2018-11-01T18:28:59.833] [TRACE] cheese - server is running at 3001
[2018-11-01T18:28:59.926] [TRACE] cheese - 工作进程 5908 已启动
[2018-11-01T18:28:59.948] [TRACE] cheese - server is running at 3001
[2018-11-01T18:28:59.991] [INFO] cheese - socketId:VG92KcOiJktsyIqQAAAA已经链接
[2018-11-01T18:28:59.996] [INFO] cheese - socketId:96faqDyn49a7ig6bAAAB已经链接
[2018-11-01T18:29:00.062] [TRACE] cheese - 工作进程 27068 已启动
[2018-11-01T18:29:00.083] [TRACE] cheese - server is running at 3001
[2018-11-01T18:29:11.020] [INFO] cheese - socketId:dhhES6UjjjdzGE8GAAAA已经链接
[2018-11-01T18:29:11.082] [INFO] cheese - lronelove register dhhES6UjjjdzGE8GAAAA
[2018-11-01T18:29:13.743] [INFO] cheese - socketId:vw56Z9S5j_e46AVIAAAB已经链接
[2018-11-01T18:29:13.821] [INFO] cheese - jack register vw56Z9S5j_e46AVIAAAB
[2018-11-01T18:29:15.455] [INFO] cheese - private message to:jack
[2018-11-01T18:29:19.444] [INFO] cheese - receive some message from message center
[2018-11-01T18:29:23.988] [INFO] cheese - receive some message from message center
[2018-11-01T18:29:24.020] [INFO] cheese - receive some message from message center
